<?xml version="1.0" encoding="UTF-8"?>
<!-- Generated by org.testng.reporters.JUnitReportReporter -->
<testsuite hostname="LAPTOP-BA1S53G9" failures="0" tests="1" name="test.TestNG_Demo" time="2.578" errors="0" timestamp="2021-09-25T16:04:16 CEST" skipped="0">
  <testcase classname="test.TestNG_Demo" name="googleSearch" time="2.578"/>
  <system-out/>
</testsuite> <!-- test.TestNG_Demo -->
