<?xml version="1.0" encoding="UTF-8"?>
<!-- Generated by org.testng.reporters.JUnitReportReporter -->
<testsuite hostname="LAPTOP-BA1S53G9" failures="0" tests="2" name="test.ExtentReportsWithTestNGDemo" time="5.261" errors="0" timestamp="2021-09-24T19:52:39 CEST" skipped="0">
  <testcase classname="test.ExtentReportsWithTestNGDemo" name="test1" time="5.259"/>
  <system-out/>
  <testcase classname="test.ExtentReportsWithTestNGDemo" name="test2" time="0.002"/>
  <system-out/>
</testsuite> <!-- test.ExtentReportsWithTestNGDemo -->
